<?xml version="1.0" encoding="UTF-8"?>
<!-- Generated by org.testng.reporters.JUnitXMLReporter -->
<testsuite ignored="2" hostname="DESKTOP-OVJ75DL" failures="0" tests="3" name="Login_Test" time="33.348" errors="0" timestamp="2022-11-05T15:05:41 IST">
  <testcase classname="TestNG.Complete_TestNG" name="lunchsite1" time="5.796"/>
  <testcase classname="TestNG.Complete_TestNG" name="login2" time="25.982"/>
  <testcase classname="TestNG.Complete_TestNG" name="screenshot" time="1.526"/>
  <testcase classname="TestNG.Complete_TestNG" name="titletest4" time="0.0">
    <ignored/>
  </testcase> <!-- titletest4 -->
  <testcase classname="TestNG.Complete_TestNG" name="currenturl3" time="0.0">
    <ignored/>
  </testcase> <!-- currenturl3 -->
</testsuite> <!-- Login_Test -->
