<?xml version="1.0" encoding="UTF-8"?>
<!-- Generated by org.testng.reporters.JUnitXMLReporter -->
<testsuite ignored="0" hostname="DESKTOP-OVJ75DL" failures="0" tests="5" name="Default test" time="69.486" errors="0" timestamp="2022-11-04T23:19:21 IST">
  <testcase classname="TestNG.Complete_TestNG" name="lunchsite1" time="18.581"/>
  <testcase classname="TestNG.Complete_TestNG" name="login2" time="25.238"/>
  <testcase classname="TestNG.Complete_TestNG" name="login2" time="25.581"/>
  <testcase classname="TestNG.Complete_TestNG" name="currenturl3" time="0.008"/>
  <testcase classname="TestNG.Complete_TestNG" name="titletest4" time="0.008"/>
</testsuite> <!-- Default test -->
