<?xml version="1.0" encoding="UTF-8"?>
<testng-results ignored="0" total="1" passed="1" failed="0" skipped="0">
  <reporter-output>
  </reporter-output>
  <suite started-at="2022-11-05T14:52:43 IST" name="Default suite" finished-at="2022-11-05T14:52:43 IST" duration-ms="71">
    <groups>
    </groups>
    <test started-at="2022-11-05T14:52:43 IST" name="Default test" finished-at="2022-11-05T14:52:43 IST" duration-ms="71">
      <class name="TestNG.Windows_Based_Popup_Handling">
        <test-method is-config="true" signature="setup()[pri:0, instance:TestNG.Windows_Based_Popup_Handling@123ef382]" started-at="2022-11-05T14:52:23 IST" name="setup" finished-at="2022-11-05T14:52:43 IST" duration-ms="19338" status="PASS">
          <reporter-output>
          </reporter-output>
        </test-method> <!-- setup -->
        <test-method is-config="true" signature="aftersuite()[pri:0, instance:TestNG.Windows_Based_Popup_Handling@123ef382]" started-at="2022-11-05T14:52:43 IST" name="aftersuite" finished-at="2022-11-05T14:52:43 IST" duration-ms="1" status="PASS">
          <reporter-output>
          </reporter-output>
        </test-method> <!-- aftersuite -->
        <test-method is-config="true" signature="aftersuite()[pri:0, instance:TestNG.Windows_Based_Popup_Handling@123ef382]" started-at="2022-11-05T14:52:43 IST" name="aftersuite" finished-at="2022-11-05T14:52:43 IST" duration-ms="0" status="PASS">
          <reporter-output>
          </reporter-output>
        </test-method> <!-- aftersuite -->
        <test-method is-config="true" signature="aftersuite()[pri:0, instance:TestNG.Windows_Based_Popup_Handling@123ef382]" started-at="2022-11-05T14:52:43 IST" name="aftersuite" finished-at="2022-11-05T14:52:43 IST" duration-ms="1" status="PASS">
          <reporter-output>
          </reporter-output>
        </test-method> <!-- aftersuite -->
        <test-method signature="aftersuite()[pri:0, instance:TestNG.Windows_Based_Popup_Handling@123ef382]" started-at="2022-11-05T14:52:43 IST" name="aftersuite" finished-at="2022-11-05T14:52:43 IST" duration-ms="12" status="PASS">
          <reporter-output>
          </reporter-output>
        </test-method> <!-- aftersuite -->
        <test-method is-config="true" signature="aftersuite()[pri:0, instance:TestNG.Windows_Based_Popup_Handling@123ef382]" started-at="2022-11-05T14:52:43 IST" name="aftersuite" finished-at="2022-11-05T14:52:43 IST" duration-ms="1" status="PASS">
          <reporter-output>
          </reporter-output>
        </test-method> <!-- aftersuite -->
        <test-method is-config="true" signature="aftersuite()[pri:0, instance:TestNG.Windows_Based_Popup_Handling@123ef382]" started-at="2022-11-05T14:52:43 IST" name="aftersuite" finished-at="2022-11-05T14:52:43 IST" duration-ms="1" status="PASS">
          <reporter-output>
          </reporter-output>
        </test-method> <!-- aftersuite -->
        <test-method is-config="true" signature="aftersuite()[pri:0, instance:TestNG.Windows_Based_Popup_Handling@123ef382]" started-at="2022-11-05T14:52:43 IST" name="aftersuite" finished-at="2022-11-05T14:52:43 IST" duration-ms="1" status="PASS">
          <reporter-output>
          </reporter-output>
        </test-method> <!-- aftersuite -->
        <test-method is-config="true" signature="aftersuite()[pri:0, instance:TestNG.Windows_Based_Popup_Handling@123ef382]" started-at="2022-11-05T14:52:43 IST" name="aftersuite" finished-at="2022-11-05T14:52:43 IST" duration-ms="0" status="PASS">
          <reporter-output>
          </reporter-output>
        </test-method> <!-- aftersuite -->
      </class> <!-- TestNG.Windows_Based_Popup_Handling -->
    </test> <!-- Default test -->
  </suite> <!-- Default suite -->
</testng-results>
